<?xml version="1.0" encoding="UTF-8"?>
<testng-results ignored="0" total="1" passed="1" failed="0" skipped="0">
  <reporter-output>
  </reporter-output>
  <suite started-at="2024-08-12T16:31:08Z" name="Default suite" finished-at="2024-08-12T16:31:37Z" duration-ms="29293">
    <groups>
    </groups>
    <test started-at="2024-08-12T16:31:08Z" name="Default test" finished-at="2024-08-12T16:31:37Z" duration-ms="29293">
      <class name="HealeniumTest">
        <test-method signature="testCheckoutWithAllFields()[pri:0, instance:HealeniumTest@5fc930f0]" started-at="2024-08-12T16:31:08Z" name="testCheckoutWithAllFields" finished-at="2024-08-12T16:31:37Z" duration-ms="29177" status="PASS">
          <reporter-output>
          </reporter-output>
        </test-method> <!-- testCheckoutWithAllFields -->
      </class> <!-- HealeniumTest -->
    </test> <!-- Default test -->
  </suite> <!-- Default suite -->
</testng-results>
